[[1;34mINFO[m] Scanning for projects...
[[1;34mINFO[m] 
[[1;34mINFO[m] [1m-----------------------< [0;36mcom.victory:DAVictory[0;1m >------------------------[m
[[1;34mINFO[m] [1mBuilding DAVictory 0.0.1-SNAPSHOT[m
[[1;34mINFO[m] [1m--------------------------------[ jar ]---------------------------------[m
[[1;34mINFO[m] 
[[1;34mINFO[m] [1m>>> [0;32mspring-boot-maven-plugin:4.0.3:run[m [1m(default-cli)[0;1m > [0;1mtest-compile[m @ [36mDAVictory[0;1m >>>[m
[[1;34mINFO[m] 
[[1;34mINFO[m] [1m--- [0;32mmaven-resources-plugin:3.3.1:resources[m [1m(default-resources)[m @ [36mDAVictory[0;1m ---[m
[[1;34mINFO[m] Copying 1 resource from src/main/resources to target/classes
[[1;34mINFO[m] Copying 0 resource from src/main/resources to target/classes
[[1;34mINFO[m] 
[[1;34mINFO[m] [1m--- [0;32mmaven-compiler-plugin:3.14.1:compile[m [1m(default-compile)[m @ [36mDAVictory[0;1m ---[m
[[1;34mINFO[m] Nothing to compile - all classes are up to date.
[[1;34mINFO[m] 
[[1;34mINFO[m] [1m--- [0;32mmaven-resources-plugin:3.3.1:testResources[m [1m(default-testResources)[m @ [36mDAVictory[0;1m ---[m
[[1;34mINFO[m] skip non existing resourceDirectory /home/hv/DuAn/DAVictory/backend/src/test/resources
[[1;34mINFO[m] 
[[1;34mINFO[m] [1m--- [0;32mmaven-compiler-plugin:3.14.1:testCompile[m [1m(default-testCompile)[m @ [36mDAVictory[0;1m ---[m
[[1;34mINFO[m] Nothing to compile - all classes are up to date.
[[1;34mINFO[m] 
[[1;34mINFO[m] [1m<<< [0;32mspring-boot-maven-plugin:4.0.3:run[m [1m(default-cli)[0;1m < [0;1mtest-compile[m @ [36mDAVictory[0;1m <<<[m
[[1;34mINFO[m] 
[[1;34mINFO[m] 
[[1;34mINFO[m] [1m--- [0;32mspring-boot-maven-plugin:4.0.3:run[m [1m(default-cli)[m @ [36mDAVictory[0;1m ---[m
[[1;34mINFO[m] Attaching agents: []

  .   ____          _            __ _ _
 /\\ / ___'_ __ _ _(_)_ __  __ _ \ \ \ \
( ( )\___ | '_ | '_| | '_ \/ _` | \ \ \ \
 \\/  ___)| |_)| | | | | || (_| |  ) ) ) )
  '  |____| .__|_| |_|_| |_\__, | / / / /
 =========|_|==============|___/=/_/_/_/

 :: Spring Boot ::                (v4.0.3)

2026-03-27T10:10:52.479+07:00  INFO 786495 --- [DAVictory] [           main] c.v.DAVictory.DaVictoryApplication       : Starting DaVictoryApplication using Java 21.0.10 with PID 786495 (/home/hv/DuAn/DAVictory/backend/target/classes started by hv in /home/hv/DuAn/DAVictory/backend)
2026-03-27T10:10:52.483+07:00  INFO 786495 --- [DAVictory] [           main] c.v.DAVictory.DaVictoryApplication       : No active profile set, falling back to 1 default profile: "default"
2026-03-27T10:10:53.706+07:00  INFO 786495 --- [DAVictory] [           main] .s.d.r.c.RepositoryConfigurationDelegate : Bootstrapping Spring Data JPA repositories in DEFAULT mode.
2026-03-27T10:10:53.928+07:00  INFO 786495 --- [DAVictory] [           main] .s.d.r.c.RepositoryConfigurationDelegate : Finished Spring Data repository scanning in 212 ms. Found 57 JPA repository interfaces.
2026-03-27T10:10:54.747+07:00  INFO 786495 --- [DAVictory] [           main] o.s.boot.tomcat.TomcatWebServer          : Tomcat initialized with port 8080 (http)
2026-03-27T10:10:54.765+07:00  INFO 786495 --- [DAVictory] [           main] o.apache.catalina.core.StandardService   : Starting service [Tomcat]
2026-03-27T10:10:54.765+07:00  INFO 786495 --- [DAVictory] [           main] o.apache.catalina.core.StandardEngine    : Starting Servlet engine: [Apache Tomcat/11.0.18]
2026-03-27T10:10:54.827+07:00  INFO 786495 --- [DAVictory] [           main] b.w.c.s.WebApplicationContextInitializer : Root WebApplicationContext: initialization completed in 2272 ms
2026-03-27T10:10:55.099+07:00  INFO 786495 --- [DAVictory] [           main] org.hibernate.orm.jpa                    : HHH008540: Processing PersistenceUnitInfo [name: default]
2026-03-27T10:10:55.164+07:00  INFO 786495 --- [DAVictory] [           main] org.hibernate.orm.core                   : HHH000001: Hibernate ORM core version 7.2.4.Final
2026-03-27T10:10:55.846+07:00  INFO 786495 --- [DAVictory] [           main] o.s.o.j.p.SpringPersistenceUnitInfo      : No LoadTimeWeaver setup: ignoring JPA class transformer
2026-03-27T10:10:55.897+07:00  INFO 786495 --- [DAVictory] [           main] com.zaxxer.hikari.HikariDataSource       : HikariPool-1 - Starting...
2026-03-27T10:10:56.200+07:00  INFO 786495 --- [DAVictory] [           main] com.zaxxer.hikari.pool.HikariPool        : HikariPool-1 - Added connection com.mysql.cj.jdbc.ConnectionImpl@45f95ac0
2026-03-27T10:10:56.203+07:00  INFO 786495 --- [DAVictory] [           main] com.zaxxer.hikari.HikariDataSource       : HikariPool-1 - Start completed.
2026-03-27T10:10:56.290+07:00  WARN 786495 --- [DAVictory] [           main] org.hibernate.orm.deprecation            : HHH90000025: MySQLDialect does not need to be specified explicitly using 'hibernate.dialect' (remove the property setting and it will be selected by default)
2026-03-27T10:10:56.325+07:00  INFO 786495 --- [DAVictory] [           main] org.hibernate.orm.connections.pooling    : HHH10001005: Database info:
	Database JDBC URL [jdbc:mysql://localhost:3306/DAVictory?useSSL=false&serverTimezone=UTC&allowPublicKeyRetrieval=true]
	Database driver: MySQL Connector/J
	Database dialect: MySQLDialect
	Database version: 8.0.45
	Default catalog/schema: DAVictory/undefined
	Autocommit mode: undefined/unknown
	Isolation level: REPEATABLE_READ [default REPEATABLE_READ]
	JDBC fetch size: none
	Pool: DataSourceConnectionProvider
	Minimum pool size: undefined/unknown
	Maximum pool size: undefined/unknown
2026-03-27T10:10:59.151+07:00  INFO 786495 --- [DAVictory] [           main] org.hibernate.orm.core                   : HHH000489: No JTA platform available (set 'hibernate.transaction.jta.platform' to enable JTA platform integration)
2026-03-27T10:10:59.501+07:00  INFO 786495 --- [DAVictory] [           main] j.LocalContainerEntityManagerFactoryBean : Initialized JPA EntityManagerFactory for persistence unit 'default'
2026-03-27T10:10:59.612+07:00  INFO 786495 --- [DAVictory] [           main] o.s.d.j.r.query.QueryEnhancerFactories   : Hibernate is in classpath; If applicable, HQL parser will be used.
2026-03-27T10:11:01.745+07:00  INFO 786495 --- [DAVictory] [           main] c.v.DAVictory.config.PublicIpService     : вњ… LбєҐy IP tб»« https://api.ipify.org: 123.22.61.173
2026-03-27T10:11:01.746+07:00  INFO 786495 --- [DAVictory] [           main] c.v.DAVictory.config.PublicIpService     : рџЊђ Public IP Д‘ГЈ phГЎt hiб»‡n: 123.22.61.173
2026-03-27T10:11:01.753+07:00  INFO 786495 --- [DAVictory] [           main] c.victory.DAVictory.config.CorsConfig    : рџ”“ CORS: ThГЄm IP public 123.22.61.173 vГ o allowed origins
2026-03-27T10:11:01.754+07:00  INFO 786495 --- [DAVictory] [           main] c.victory.DAVictory.config.CorsConfig    : вњ… CORS allowed origins: [http://localhost:5173, http://localhost:3000, http://localhost:80, http://localhost, https://davictory.io.vn, http://davictory.io.vn, http://123.22.61.173:5173, http://123.22.61.173:3000, http://123.22.61.173:80, http://123.22.61.173]
2026-03-27T10:11:02.421+07:00  INFO 786495 --- [DAVictory] [           main] eAuthenticationProviderManagerConfigurer : Global AuthenticationManager configured with AuthenticationProvider bean with name authenticationProvider
2026-03-27T10:11:02.421+07:00  WARN 786495 --- [DAVictory] [           main] r$InitializeUserDetailsManagerConfigurer : Global AuthenticationManager configured with an AuthenticationProvider bean. UserDetailsService beans will not be used by Spring Security for automatically configuring username/password login. Consider removing the AuthenticationProvider bean. Alternatively, consider using the UserDetailsService in a manually instantiated DaoAuthenticationProvider. If the current configuration is intentional, to turn off this warning, increase the logging level of 'org.springframework.security.config.annotation.authentication.configuration.InitializeUserDetailsBeanManagerConfigurer' to ERROR
2026-03-27T10:11:04.230+07:00  WARN 786495 --- [DAVictory] [           main] JpaBaseConfiguration$JpaWebConfiguration : spring.jpa.open-in-view is enabled by default. Therefore, database queries may be performed during view rendering. Explicitly configure spring.jpa.open-in-view to disable this warning
2026-03-27T10:11:04.705+07:00  INFO 786495 --- [DAVictory] [           main] o.s.v.b.OptionalValidatorFactoryBean     : Failed to set up a Bean Validation provider: jakarta.validation.NoProviderFoundException: Unable to create a Configuration, because no Jakarta Validation provider could be found. Add a provider like Hibernate Validator (RI) to your classpath.
2026-03-27T10:11:06.177+07:00  INFO 786495 --- [DAVictory] [           main] o.s.boot.tomcat.TomcatWebServer          : Tomcat started on port 8080 (http) with context path '/'
2026-03-27T10:11:06.191+07:00  INFO 786495 --- [DAVictory] [           main] c.v.DAVictory.DaVictoryApplication       : Started DaVictoryApplication in 14.266 seconds (process running for 14.861)
2026-03-27T10:11:06.443+07:00  INFO 786495 --- [DAVictory] [           main] c.v.D.config.TestStructureInitializer    : рџ”§ [TestStructureInitializer] BбєЇt Д‘бє§u khб»џi tбєЎo cбєҐu trГєc IELTS...
2026-03-27T10:11:06.458+07:00  INFO 786495 --- [DAVictory] [           main] c.v.D.config.TestStructureInitializer    :   вњ… DifficultyLevels (5 cбєҐp Д‘б»™)
2026-03-27T10:11:06.483+07:00  INFO 786495 --- [DAVictory] [           main] c.v.D.config.TestStructureInitializer    :   вњ… Sessions (Listening / Reading / Writing / Speaking Г— Academic & General)
2026-03-27T10:11:06.591+07:00  INFO 786495 --- [DAVictory] [           main] c.v.D.config.TestStructureInitializer    :   вњ… Parts (cГЎc phбє§n trong mб»—i kб»№ nДѓng)
2026-03-27T10:11:06.648+07:00  INFO 786495 --- [DAVictory] [           main] c.v.D.config.TestStructureInitializer    :   вњ… QuestionTypes (14 loбєЎi cГўu hб»Џi IELTS)
2026-03-27T10:11:06.649+07:00  INFO 786495 --- [DAVictory] [           main] c.v.D.config.TestStructureInitializer    : вњ… [TestStructureInitializer] HoГ n tбєҐt khб»џi tбєЎo cбєҐu trГєc IELTS.
2026-03-27T10:11:12.139+07:00  INFO 786495 --- [DAVictory] [nio-8080-exec-2] o.a.c.c.C.[Tomcat].[localhost].[/]       : Initializing Spring DispatcherServlet 'dispatcherServlet'
2026-03-27T10:11:12.140+07:00  INFO 786495 --- [DAVictory] [nio-8080-exec-2] o.s.web.servlet.DispatcherServlet        : Initializing Servlet 'dispatcherServlet'
2026-03-27T10:11:12.142+07:00  INFO 786495 --- [DAVictory] [nio-8080-exec-2] o.s.web.servlet.DispatcherServlet        : Completed initialization in 2 ms
