
> frontend@0.0.0 dev
> vite --host 0.0.0.0

[vite] 🌐 Public IP: 123.22.61.173
[vite] 🔗 API Base URL: http://123.22.61.173:8080/api

  VITE v8.0.0-beta.16  ready in 1930 ms

  ➜  Local:   http://localhost:5173/
  ➜  Network: http://192.168.1.20:5173/
12:06:15 [vite] (client) hmr update /src/App.jsx
12:06:15 [vite] (client) Pre-transform error: Failed to resolve import "../../services/classApi" from "src/pages/teacher/CreateAssignment.jsx". Does the file exist?
  Plugin: vite:import-analysis
  File: /home/hv/DuAn/DAVictory/frontend/src/pages/teacher/CreateAssignment.jsx:5:25
  3  |  import { Save, X } from "lucide-react";
  4  |  import { assignmentApi } from "../../services/assignmentApi";
  5  |  import { classApi } from "../../services/classApi";
     |                            ^
  6  |  import "../../styles/assignmentForm.css";
  7  |  var _jsxFileName = "/home/hv/DuAn/DAVictory/frontend/src/pages/teacher/CreateAssignment.jsx";
12:06:15 [vite] (client) Pre-transform error: Failed to resolve import "../../services/classApi" from "src/pages/teacher/CreateAssignment.jsx". Does the file exist?
  Plugin: vite:import-analysis
  File: /home/hv/DuAn/DAVictory/frontend/src/pages/teacher/CreateAssignment.jsx:5:25
  3  |  import { Save, X } from "lucide-react";
  4  |  import { assignmentApi } from "../../services/assignmentApi";
  5  |  import { classApi } from "../../services/classApi";
     |                            ^
  6  |  import "../../styles/assignmentForm.css";
  7  |  var _jsxFileName = "/home/hv/DuAn/DAVictory/frontend/src/pages/teacher/CreateAssignment.jsx";
12:06:15 [vite] (client) Pre-transform error: Failed to resolve import "../../services/classApi" from "src/pages/teacher/CreateAssignment.jsx". Does the file exist?
  Plugin: vite:import-analysis
  File: /home/hv/DuAn/DAVictory/frontend/src/pages/teacher/CreateAssignment.jsx:5:25
  3  |  import { Save, X } from "lucide-react";
  4  |  import { assignmentApi } from "../../services/assignmentApi";
  5  |  import { classApi } from "../../services/classApi";
     |                            ^
  6  |  import "../../styles/assignmentForm.css";
  7  |  var _jsxFileName = "/home/hv/DuAn/DAVictory/frontend/src/pages/teacher/CreateAssignment.jsx";
12:06:15 [vite] Internal server error: Failed to resolve import "../../services/classApi" from "src/pages/teacher/CreateAssignment.jsx". Does the file exist?
  Plugin: vite:import-analysis
  File: /home/hv/DuAn/DAVictory/frontend/src/pages/teacher/CreateAssignment.jsx:5:25
  3  |  import { Save, X } from "lucide-react";
  4  |  import { assignmentApi } from "../../services/assignmentApi";
  5  |  import { classApi } from "../../services/classApi";
     |                            ^
  6  |  import "../../styles/assignmentForm.css";
  7  |  var _jsxFileName = "/home/hv/DuAn/DAVictory/frontend/src/pages/teacher/CreateAssignment.jsx";
      at TransformPluginContext._formatLog (file:///home/hv/DuAn/DAVictory/frontend/node_modules/vite/dist/node/chunks/node.js:30104:39)
      at TransformPluginContext.error (file:///home/hv/DuAn/DAVictory/frontend/node_modules/vite/dist/node/chunks/node.js:30101:14)
      at normalizeUrl (file:///home/hv/DuAn/DAVictory/frontend/node_modules/vite/dist/node/chunks/node.js:27902:18)
      at async file:///home/hv/DuAn/DAVictory/frontend/node_modules/vite/dist/node/chunks/node.js:27965:30
      at async Promise.all (index 4)
      at async TransformPluginContext.transform (file:///home/hv/DuAn/DAVictory/frontend/node_modules/vite/dist/node/chunks/node.js:27933:4)
      at async EnvironmentPluginContainer.transform (file:///home/hv/DuAn/DAVictory/frontend/node_modules/vite/dist/node/chunks/node.js:29893:14)
      at async loadAndTransform (file:///home/hv/DuAn/DAVictory/frontend/node_modules/vite/dist/node/chunks/node.js:24542:26)
12:06:26 [vite] (client) Pre-transform error: Failed to resolve import "../../services/classApi" from "src/pages/teacher/CreateAssignment.jsx". Does the file exist?
  Plugin: vite:import-analysis
  File: /home/hv/DuAn/DAVictory/frontend/src/pages/teacher/CreateAssignment.jsx:5:25
  3  |  import { Save, X } from "lucide-react";
  4  |  import { assignmentApi } from "../../services/assignmentApi";
  5  |  import { classApi } from "../../services/classApi";
     |                            ^
  6  |  import "../../styles/assignmentForm.css";
  7  |  var _jsxFileName = "/home/hv/DuAn/DAVictory/frontend/src/pages/teacher/CreateAssignment.jsx";
12:06:26 [vite] Internal server error: Failed to resolve import "../../services/classApi" from "src/pages/teacher/CreateAssignment.jsx". Does the file exist?
  Plugin: vite:import-analysis
  File: /home/hv/DuAn/DAVictory/frontend/src/pages/teacher/CreateAssignment.jsx:5:25
  3  |  import { Save, X } from "lucide-react";
  4  |  import { assignmentApi } from "../../services/assignmentApi";
  5  |  import { classApi } from "../../services/classApi";
     |                            ^
  6  |  import "../../styles/assignmentForm.css";
  7  |  var _jsxFileName = "/home/hv/DuAn/DAVictory/frontend/src/pages/teacher/CreateAssignment.jsx";
      at TransformPluginContext._formatLog (file:///home/hv/DuAn/DAVictory/frontend/node_modules/vite/dist/node/chunks/node.js:30104:39)
      at TransformPluginContext.error (file:///home/hv/DuAn/DAVictory/frontend/node_modules/vite/dist/node/chunks/node.js:30101:14)
      at normalizeUrl (file:///home/hv/DuAn/DAVictory/frontend/node_modules/vite/dist/node/chunks/node.js:27902:18)
      at async file:///home/hv/DuAn/DAVictory/frontend/node_modules/vite/dist/node/chunks/node.js:27965:30
      at async Promise.all (index 4)
      at async TransformPluginContext.transform (file:///home/hv/DuAn/DAVictory/frontend/node_modules/vite/dist/node/chunks/node.js:27933:4)
      at async EnvironmentPluginContainer.transform (file:///home/hv/DuAn/DAVictory/frontend/node_modules/vite/dist/node/chunks/node.js:29893:14)
      at async loadAndTransform (file:///home/hv/DuAn/DAVictory/frontend/node_modules/vite/dist/node/chunks/node.js:24542:26)
12:06:32 [vite] (client) hmr update /src/App.jsx
12:06:32 [vite] (client) Pre-transform error: Failed to resolve import "../../services/classApi" from "src/pages/teacher/CreateAssignment.jsx". Does the file exist?
  Plugin: vite:import-analysis
  File: /home/hv/DuAn/DAVictory/frontend/src/pages/teacher/CreateAssignment.jsx:5:25
  3  |  import { Save, X } from "lucide-react";
  4  |  import { assignmentApi } from "../../services/assignmentApi";
  5  |  import { classApi } from "../../services/classApi";
     |                            ^
  6  |  import "../../styles/assignmentForm.css";
  7  |  var _jsxFileName = "/home/hv/DuAn/DAVictory/frontend/src/pages/teacher/CreateAssignment.jsx";
12:06:32 [vite] (client) Pre-transform error: Failed to resolve import "../../services/classApi" from "src/pages/teacher/CreateAssignment.jsx". Does the file exist?
  Plugin: vite:import-analysis
  File: /home/hv/DuAn/DAVictory/frontend/src/pages/teacher/CreateAssignment.jsx:5:25
  3  |  import { Save, X } from "lucide-react";
  4  |  import { assignmentApi } from "../../services/assignmentApi";
  5  |  import { classApi } from "../../services/classApi";
     |                            ^
  6  |  import "../../styles/assignmentForm.css";
  7  |  var _jsxFileName = "/home/hv/DuAn/DAVictory/frontend/src/pages/teacher/CreateAssignment.jsx";
12:06:33 [vite] (client) Pre-transform error: Failed to resolve import "../../services/classApi" from "src/pages/teacher/CreateAssignment.jsx". Does the file exist?
  Plugin: vite:import-analysis
  File: /home/hv/DuAn/DAVictory/frontend/src/pages/teacher/CreateAssignment.jsx:5:25
  3  |  import { Save, X } from "lucide-react";
  4  |  import { assignmentApi } from "../../services/assignmentApi";
  5  |  import { classApi } from "../../services/classApi";
     |                            ^
  6  |  import "../../styles/assignmentForm.css";
  7  |  var _jsxFileName = "/home/hv/DuAn/DAVictory/frontend/src/pages/teacher/CreateAssignment.jsx";
12:06:33 [vite] Internal server error: Failed to resolve import "../../services/classApi" from "src/pages/teacher/CreateAssignment.jsx". Does the file exist?
  Plugin: vite:import-analysis
  File: /home/hv/DuAn/DAVictory/frontend/src/pages/teacher/CreateAssignment.jsx:5:25
  3  |  import { Save, X } from "lucide-react";
  4  |  import { assignmentApi } from "../../services/assignmentApi";
  5  |  import { classApi } from "../../services/classApi";
     |                            ^
  6  |  import "../../styles/assignmentForm.css";
  7  |  var _jsxFileName = "/home/hv/DuAn/DAVictory/frontend/src/pages/teacher/CreateAssignment.jsx";
      at TransformPluginContext._formatLog (file:///home/hv/DuAn/DAVictory/frontend/node_modules/vite/dist/node/chunks/node.js:30104:39)
      at TransformPluginContext.error (file:///home/hv/DuAn/DAVictory/frontend/node_modules/vite/dist/node/chunks/node.js:30101:14)
      at normalizeUrl (file:///home/hv/DuAn/DAVictory/frontend/node_modules/vite/dist/node/chunks/node.js:27902:18)
      at async file:///home/hv/DuAn/DAVictory/frontend/node_modules/vite/dist/node/chunks/node.js:27965:30
      at async Promise.all (index 4)
      at async TransformPluginContext.transform (file:///home/hv/DuAn/DAVictory/frontend/node_modules/vite/dist/node/chunks/node.js:27933:4)
      at async EnvironmentPluginContainer.transform (file:///home/hv/DuAn/DAVictory/frontend/node_modules/vite/dist/node/chunks/node.js:29893:14)
      at async loadAndTransform (file:///home/hv/DuAn/DAVictory/frontend/node_modules/vite/dist/node/chunks/node.js:24542:26)
12:06:35 [vite] (client) Pre-transform error: Failed to resolve import "../../services/classApi" from "src/pages/teacher/CreateAssignment.jsx". Does the file exist?
  Plugin: vite:import-analysis
  File: /home/hv/DuAn/DAVictory/frontend/src/pages/teacher/CreateAssignment.jsx:5:25
  3  |  import { Save, X } from "lucide-react";
  4  |  import { assignmentApi } from "../../services/assignmentApi";
  5  |  import { classApi } from "../../services/classApi";
     |                            ^
  6  |  import "../../styles/assignmentForm.css";
  7  |  var _jsxFileName = "/home/hv/DuAn/DAVictory/frontend/src/pages/teacher/CreateAssignment.jsx";
12:06:35 [vite] Internal server error: Failed to resolve import "../../services/classApi" from "src/pages/teacher/CreateAssignment.jsx". Does the file exist?
  Plugin: vite:import-analysis
  File: /home/hv/DuAn/DAVictory/frontend/src/pages/teacher/CreateAssignment.jsx:5:25
  3  |  import { Save, X } from "lucide-react";
  4  |  import { assignmentApi } from "../../services/assignmentApi";
  5  |  import { classApi } from "../../services/classApi";
     |                            ^
  6  |  import "../../styles/assignmentForm.css";
  7  |  var _jsxFileName = "/home/hv/DuAn/DAVictory/frontend/src/pages/teacher/CreateAssignment.jsx";
      at TransformPluginContext._formatLog (file:///home/hv/DuAn/DAVictory/frontend/node_modules/vite/dist/node/chunks/node.js:30104:39)
      at TransformPluginContext.error (file:///home/hv/DuAn/DAVictory/frontend/node_modules/vite/dist/node/chunks/node.js:30101:14)
      at normalizeUrl (file:///home/hv/DuAn/DAVictory/frontend/node_modules/vite/dist/node/chunks/node.js:27902:18)
      at async file:///home/hv/DuAn/DAVictory/frontend/node_modules/vite/dist/node/chunks/node.js:27965:30
      at async Promise.all (index 4)
      at async TransformPluginContext.transform (file:///home/hv/DuAn/DAVictory/frontend/node_modules/vite/dist/node/chunks/node.js:27933:4)
      at async EnvironmentPluginContainer.transform (file:///home/hv/DuAn/DAVictory/frontend/node_modules/vite/dist/node/chunks/node.js:29893:14)
      at async loadAndTransform (file:///home/hv/DuAn/DAVictory/frontend/node_modules/vite/dist/node/chunks/node.js:24542:26)
12:07:04 [vite] (client) hmr update /src/App.jsx
12:10:00 [vite] (client) hmr update /src/pages/IeltsSpeakingTest.jsx
12:10:17 [vite] (client) hmr update /src/styles/ieltsTest.css
12:18:59 [vite] (client) hmr update /src/pages/IeltsSpeakingTest.jsx
12:21:40 [vite] (client) hmr update /src/pages/IeltsSpeakingTest.jsx
12:21:40 [vite] Internal server error: Transform failed with 1 error:

[31m[PARSE_ERROR] Error:[0m Unexpected token. Did you mean `{'}'}` or `&rbrace;`?
      [38;5;246m╭[0m[38;5;246m─[0m[38;5;246m[[0m src/pages/IeltsSpeakingTest.jsx:1243:16 [38;5;246m][0m
      [38;5;246m│[0m
 [38;5;246m1243 │[0m [38;5;249m [0m[38;5;249m [0m[38;5;249m [0m[38;5;249m [0m[38;5;249m [0m[38;5;249m [0m[38;5;249m [0m[38;5;249m [0m[38;5;249m [0m[38;5;249m [0m[38;5;249m [0m[38;5;249m [0m[38;5;249m [0m[38;5;249m [0m[38;5;249m)[0m[38;5;249m}[0m
 [38;5;240m     │[0m                │ 
 [38;5;240m     │[0m                ╰─ 
[38;5;246m──────╯[0m

  Plugin: vite:oxc
  File: /home/hv/DuAn/DAVictory/frontend/src/pages/IeltsSpeakingTest.jsx
      at transformWithOxc (file:///home/hv/DuAn/DAVictory/frontend/node_modules/vite/dist/node/chunks/node.js:3970:19)
      at TransformPluginContext.transform (file:///home/hv/DuAn/DAVictory/frontend/node_modules/vite/dist/node/chunks/node.js:4046:26)
      at EnvironmentPluginContainer.transform (file:///home/hv/DuAn/DAVictory/frontend/node_modules/vite/dist/node/chunks/node.js:29893:51)
      at async loadAndTransform (file:///home/hv/DuAn/DAVictory/frontend/node_modules/vite/dist/node/chunks/node.js:24542:26)
      at async viteTransformMiddleware (file:///home/hv/DuAn/DAVictory/frontend/node_modules/vite/dist/node/chunks/node.js:25356:20)
12:21:40 [vite] Internal server error: Transform failed with 1 error:

[31m[PARSE_ERROR] Error:[0m Unexpected token. Did you mean `{'}'}` or `&rbrace;`?
      [38;5;246m╭[0m[38;5;246m─[0m[38;5;246m[[0m src/pages/IeltsSpeakingTest.jsx:1243:16 [38;5;246m][0m
      [38;5;246m│[0m
 [38;5;246m1243 │[0m [38;5;249m [0m[38;5;249m [0m[38;5;249m [0m[38;5;249m [0m[38;5;249m [0m[38;5;249m [0m[38;5;249m [0m[38;5;249m [0m[38;5;249m [0m[38;5;249m [0m[38;5;249m [0m[38;5;249m [0m[38;5;249m [0m[38;5;249m [0m[38;5;249m)[0m[38;5;249m}[0m
 [38;5;240m     │[0m                │ 
 [38;5;240m     │[0m                ╰─ 
[38;5;246m──────╯[0m

  Plugin: vite:oxc
  File: /home/hv/DuAn/DAVictory/frontend/src/pages/IeltsSpeakingTest.jsx
      at transformWithOxc (file:///home/hv/DuAn/DAVictory/frontend/node_modules/vite/dist/node/chunks/node.js:3970:19)
      at TransformPluginContext.transform (file:///home/hv/DuAn/DAVictory/frontend/node_modules/vite/dist/node/chunks/node.js:4046:26)
      at EnvironmentPluginContainer.transform (file:///home/hv/DuAn/DAVictory/frontend/node_modules/vite/dist/node/chunks/node.js:29893:51)
      at async loadAndTransform (file:///home/hv/DuAn/DAVictory/frontend/node_modules/vite/dist/node/chunks/node.js:24542:26)
      at async viteTransformMiddleware (file:///home/hv/DuAn/DAVictory/frontend/node_modules/vite/dist/node/chunks/node.js:25356:20)
12:21:51 [vite] (client) hmr update /src/pages/IeltsSpeakingTest.jsx
12:25:28 [vite] (client) hmr update /src/pages/IeltsSpeakingTest.jsx
12:25:47 [vite] (client) hmr update /src/styles/ieltsTest.css
12:26:13 [vite] (client) hmr update /src/styles/ieltsTest.css
12:26:13 [vite] (client) hmr update /src/pages/IeltsSpeakingTest.jsx
12:27:14 [vite] (client) hmr update /src/pages/IeltsSpeakingTest.jsx
12:27:14 [vite] (client) hmr update /src/styles/ieltsTest.css
12:28:56 [vite] (client) hmr update /src/pages/IeltsSpeakingTest.jsx
12:29:23 [vite] (client) hmr update /src/styles/ieltsTest.css
12:29:41 [vite] (client) hmr update /src/pages/IeltsSpeakingTest.jsx
12:31:10 [vite] (client) hmr update /src/pages/IeltsSpeakingTest.jsx
12:31:15 [vite] (client) hmr update /src/pages/IeltsSpeakingTest.jsx
12:33:03 [vite] (client) hmr update /src/pages/IeltsSpeakingTest.jsx
12:33:09 [vite] (client) hmr update /src/styles/ieltsTest.css
12:34:05 [vite] (client) hmr update /src/pages/IeltsSpeakingTest.jsx
12:35:44 [vite] (client) hmr update /src/styles/ieltsTest.css
12:36:00 [vite] (client) hmr update /src/styles/ieltsTest.css
12:36:10 [vite] (client) hmr update /src/pages/IeltsSpeakingTest.jsx
12:39:50 [vite] (client) hmr update /src/pages/IeltsSpeakingTest.jsx
12:39:57 [vite] (client) hmr update /src/pages/IeltsSpeakingTest.jsx
12:40:07 [vite] (client) hmr update /src/pages/IeltsSpeakingTest.jsx
12:40:13 [vite] (client) hmr update /src/pages/IeltsSpeakingTest.jsx
12:40:21 [vite] (client) hmr update /src/pages/IeltsSpeakingTest.jsx
12:41:32 [vite] (client) hmr update /src/pages/IeltsSpeakingTest.jsx
12:52:08 [vite] (client) hmr update /src/pages/IeltsSpeakingTest.jsx
12:52:09 [vite] Internal server error: Transform failed with 4 errors:

[31m[PARSE_ERROR] Error:[0m Identifier `THINK_SECONDS` has already been declared
    [38;5;246m╭[0m[38;5;246m─[0m[38;5;246m[[0m src/pages/IeltsSpeakingTest.jsx:67:7 [38;5;246m][0m
    [38;5;246m│[0m
 [38;5;246m67 │[0m [38;5;249mc[0m[38;5;249mo[0m[38;5;249mn[0m[38;5;249ms[0m[38;5;249mt[0m[38;5;249m [0mTHINK_SECONDS[38;5;249m [0m[38;5;249m=[0m[38;5;249m [0m[38;5;249m5[0m[38;5;249m;[0m
 [38;5;240m   │[0m       ──────┬──────  
 [38;5;240m   │[0m             ╰──────── `THINK_SECONDS` has already been declared here
 [38;5;246m68 │[0m [38;5;249mc[0m[38;5;249mo[0m[38;5;249mn[0m[38;5;249ms[0m[38;5;249mt[0m[38;5;249m [0mTHINK_SECONDS[38;5;249m [0m[38;5;249m=[0m[38;5;249m [0m[38;5;249m5[0m[38;5;249m;[0m
 [38;5;240m   │[0m       ──────┬──────  
 [38;5;240m   │[0m             ╰──────── It can not be redeclared here
[38;5;246m────╯[0m

[31m[PARSE_ERROR] Error:[0m Identifier `thinkSecondsLeft` has already been declared
     [38;5;246m╭[0m[38;5;246m─[0m[38;5;246m[[0m src/pages/IeltsSpeakingTest.jsx:177:12 [38;5;246m][0m
     [38;5;246m│[0m
 [38;5;246m177 │[0m [38;5;249m [0m[38;5;249m [0m[38;5;249m [0m[38;5;249m [0m[38;5;249mc[0m[38;5;249mo[0m[38;5;249mn[0m[38;5;249ms[0m[38;5;249mt[0m[38;5;249m [0m[38;5;249m[[0mthinkSecondsLeft[38;5;249m,[0m[38;5;249m [0m[38;5;249ms[0m[38;5;249me[0m[38;5;249mt[0m[38;5;249mT[0m[38;5;249mh[0m[38;5;249mi[0m[38;5;249mn[0m[38;5;249mk[0m[38;5;249mS[0m[38;5;249me[0m[38;5;249mc[0m[38;5;249mo[0m[38;5;249mn[0m[38;5;249md[0m[38;5;249ms[0m[38;5;249mL[0m[38;5;249me[0m[38;5;249mf[0m[38;5;249mt[0m[38;5;249m][0m[38;5;249m [0m[38;5;249m=[0m[38;5;249m [0m[38;5;249mu[0m[38;5;249ms[0m[38;5;249me[0m[38;5;249mS[0m[38;5;249mt[0m[38;5;249ma[0m[38;5;249mt[0m[38;5;249me[0m[38;5;249m([0m[38;5;249mT[0m[38;5;249mH[0m[38;5;249mI[0m[38;5;249mN[0m[38;5;249mK[0m[38;5;249m_[0m[38;5;249mS[0m[38;5;249mE[0m[38;5;249mC[0m[38;5;249mO[0m[38;5;249mN[0m[38;5;249mD[0m[38;5;249mS[0m[38;5;249m)[0m[38;5;249m;[0m
 [38;5;240m    │[0m            ────────┬───────  
 [38;5;240m    │[0m                    ╰───────── `thinkSecondsLeft` has already been declared here
 [38;5;246m178 │[0m [38;5;249m [0m[38;5;249m [0m[38;5;249mc[0m[38;5;249mo[0m[38;5;249mn[0m[38;5;249ms[0m[38;5;249mt[0m[38;5;249m [0m[38;5;249m[[0mthinkSecondsLeft[38;5;249m,[0m[38;5;249m [0m[38;5;249ms[0m[38;5;249me[0m[38;5;249mt[0m[38;5;249mT[0m[38;5;249mh[0m[38;5;249mi[0m[38;5;249mn[0m[38;5;249mk[0m[38;5;249mS[0m[38;5;249me[0m[38;5;249mc[0m[38;5;249mo[0m[38;5;249mn[0m[38;5;249md[0m[38;5;249ms[0m[38;5;249mL[0m[38;5;249me[0m[38;5;249mf[0m[38;5;249mt[0m[38;5;249m][0m[38;5;249m [0m[38;5;249m=[0m[38;5;249m [0m[38;5;249mu[0m[38;5;249ms[0m[38;5;249me[0m[38;5;249mS[0m[38;5;249mt[0m[38;5;249ma[0m[38;5;249mt[0m[38;5;249me[0m[38;5;249m([0m[38;5;249mT[0m[38;5;249mH[0m[38;5;249mI[0m[38;5;249mN[0m[38;5;249mK[0m[38;5;249m_[0m[38;5;249mS[0m[38;5;249mE[0m[38;5;249mC[0m[38;5;249mO[0m[38;5;249mN[0m[38;5;249mD[0m[38;5;249mS[0m[38;5;249m)[0m[38;5;249m;[0m
 [38;5;240m    │[0m          ────────┬───────  
 [38;5;240m    │[0m                  ╰───────── It can not be redeclared here
[38;5;246m─────╯[0m

[31m[PARSE_ERROR] Error:[0m Identifier `setThinkSecondsLeft` has already been declared
     [38;5;246m╭[0m[38;5;246m─[0m[38;5;246m[[0m src/pages/IeltsSpeakingTest.jsx:177:30 [38;5;246m][0m
     [38;5;246m│[0m
 [38;5;246m177 │[0m [38;5;249m [0m[38;5;249m [0m[38;5;249m [0m[38;5;249m [0m[38;5;249mc[0m[38;5;249mo[0m[38;5;249mn[0m[38;5;249ms[0m[38;5;249mt[0m[38;5;249m [0m[38;5;249m[[0m[38;5;249mt[0m[38;5;249mh[0m[38;5;249mi[0m[38;5;249mn[0m[38;5;249mk[0m[38;5;249mS[0m[38;5;249me[0m[38;5;249mc[0m[38;5;249mo[0m[38;5;249mn[0m[38;5;249md[0m[38;5;249ms[0m[38;5;249mL[0m[38;5;249me[0m[38;5;249mf[0m[38;5;249mt[0m[38;5;249m,[0m[38;5;249m [0msetThinkSecondsLeft[38;5;249m][0m[38;5;249m [0m[38;5;249m=[0m[38;5;249m [0m[38;5;249mu[0m[38;5;249ms[0m[38;5;249me[0m[38;5;249mS[0m[38;5;249mt[0m[38;5;249ma[0m[38;5;249mt[0m[38;5;249me[0m[38;5;249m([0m[38;5;249mT[0m[38;5;249mH[0m[38;5;249mI[0m[38;5;249mN[0m[38;5;249mK[0m[38;5;249m_[0m[38;5;249mS[0m[38;5;249mE[0m[38;5;249mC[0m[38;5;249mO[0m[38;5;249mN[0m[38;5;249mD[0m[38;5;249mS[0m[38;5;249m)[0m[38;5;249m;[0m
 [38;5;240m    │[0m                              ─────────┬─────────  
 [38;5;240m    │[0m                                       ╰─────────── `setThinkSecondsLeft` has already been declared here
 [38;5;246m178 │[0m [38;5;249m [0m[38;5;249m [0m[38;5;249mc[0m[38;5;249mo[0m[38;5;249mn[0m[38;5;249ms[0m[38;5;249mt[0m[38;5;249m [0m[38;5;249m[[0m[38;5;249mt[0m[38;5;249mh[0m[38;5;249mi[0m[38;5;249mn[0m[38;5;249mk[0m[38;5;249mS[0m[38;5;249me[0m[38;5;249mc[0m[38;5;249mo[0m[38;5;249mn[0m[38;5;249md[0m[38;5;249ms[0m[38;5;249mL[0m[38;5;249me[0m[38;5;249mf[0m[38;5;249mt[0m[38;5;249m,[0m[38;5;249m [0msetThinkSecondsLeft[38;5;249m][0m[38;5;249m [0m[38;5;249m=[0m[38;5;249m [0m[38;5;249mu[0m[38;5;249ms[0m[38;5;249me[0m[38;5;249mS[0m[38;5;249mt[0m[38;5;249ma[0m[38;5;249mt[0m[38;5;249me[0m[38;5;249m([0m[38;5;249mT[0m[38;5;249mH[0m[38;5;249mI[0m[38;5;249mN[0m[38;5;249mK[0m[38;5;249m_[0m[38;5;249mS[0m[38;5;249mE[0m[38;5;249mC[0m[38;5;249mO[0m[38;5;249mN[0m[38;5;249mD[0m[38;5;249mS[0m[38;5;249m)[0m[38;5;249m;[0m
 [38;5;240m    │[0m                            ─────────┬─────────  
 [38;5;240m    │[0m                                     ╰─────────── It can not be redeclared here
[38;5;246m─────╯[0m

[31m[PARSE_ERROR] Error:[0m Identifier `autoStartTriggeredRef` has already been declared
     [38;5;246m╭[0m[38;5;246m─[0m[38;5;246m[[0m src/pages/IeltsSpeakingTest.jsx:233:11 [38;5;246m][0m
     [38;5;246m│[0m
 [38;5;246m233 │[0m [38;5;249m [0m[38;5;249m [0m[38;5;249m [0m[38;5;249m [0m[38;5;249mc[0m[38;5;249mo[0m[38;5;249mn[0m[38;5;249ms[0m[38;5;249mt[0m[38;5;249m [0mautoStartTriggeredRef[38;5;249m [0m[38;5;249m=[0m[38;5;249m [0m[38;5;249mu[0m[38;5;249ms[0m[38;5;249me[0m[38;5;249mR[0m[38;5;249me[0m[38;5;249mf[0m[38;5;249m([0m[38;5;249mf[0m[38;5;249ma[0m[38;5;249ml[0m[38;5;249ms[0m[38;5;249me[0m[38;5;249m)[0m[38;5;249m;[0m
 [38;5;240m    │[0m           ──────────┬──────────  
 [38;5;240m    │[0m                     ╰──────────── `autoStartTriggeredRef` has already been declared here
 [38;5;240m    │[0m 
 [38;5;246m236 │[0m [38;5;249m [0m[38;5;249m [0m[38;5;249mc[0m[38;5;249mo[0m[38;5;249mn[0m[38;5;249ms[0m[38;5;249mt[0m[38;5;249m [0mautoStartTriggeredRef[38;5;249m [0m[38;5;249m=[0m[38;5;249m [0m[38;5;249mu[0m[38;5;249ms[0m[38;5;249me[0m[38;5;249mR[0m[38;5;249me[0m[38;5;249mf[0m[38;5;249m([0m[38;5;249mf[0m[38;5;249ma[0m[38;5;249ml[0m[38;5;249ms[0m[38;5;249me[0m[38;5;249m)[0m[38;5;249m;[0m
 [38;5;240m    │[0m         ──────────┬──────────  
 [38;5;240m    │[0m                   ╰──────────── It can not be redeclared here
[38;5;246m─────╯[0m

  Plugin: vite:oxc
  File: /home/hv/DuAn/DAVictory/frontend/src/pages/IeltsSpeakingTest.jsx
      at transformWithOxc (file:///home/hv/DuAn/DAVictory/frontend/node_modules/vite/dist/node/chunks/node.js:3970:19)
      at TransformPluginContext.transform (file:///home/hv/DuAn/DAVictory/frontend/node_modules/vite/dist/node/chunks/node.js:4046:26)
      at EnvironmentPluginContainer.transform (file:///home/hv/DuAn/DAVictory/frontend/node_modules/vite/dist/node/chunks/node.js:29893:51)
      at async loadAndTransform (file:///home/hv/DuAn/DAVictory/frontend/node_modules/vite/dist/node/chunks/node.js:24542:26)
      at async viteTransformMiddleware (file:///home/hv/DuAn/DAVictory/frontend/node_modules/vite/dist/node/chunks/node.js:25356:20)
12:52:09 [vite] Internal server error: Transform failed with 4 errors:

[31m[PARSE_ERROR] Error:[0m Identifier `THINK_SECONDS` has already been declared
    [38;5;246m╭[0m[38;5;246m─[0m[38;5;246m[[0m src/pages/IeltsSpeakingTest.jsx:67:7 [38;5;246m][0m
    [38;5;246m│[0m
 [38;5;246m67 │[0m [38;5;249mc[0m[38;5;249mo[0m[38;5;249mn[0m[38;5;249ms[0m[38;5;249mt[0m[38;5;249m [0mTHINK_SECONDS[38;5;249m [0m[38;5;249m=[0m[38;5;249m [0m[38;5;249m5[0m[38;5;249m;[0m
 [38;5;240m   │[0m       ──────┬──────  
 [38;5;240m   │[0m             ╰──────── `THINK_SECONDS` has already been declared here
 [38;5;246m68 │[0m [38;5;249mc[0m[38;5;249mo[0m[38;5;249mn[0m[38;5;249ms[0m[38;5;249mt[0m[38;5;249m [0mTHINK_SECONDS[38;5;249m [0m[38;5;249m=[0m[38;5;249m [0m[38;5;249m5[0m[38;5;249m;[0m
 [38;5;240m   │[0m       ──────┬──────  
 [38;5;240m   │[0m             ╰──────── It can not be redeclared here
[38;5;246m────╯[0m

[31m[PARSE_ERROR] Error:[0m Identifier `thinkSecondsLeft` has already been declared
     [38;5;246m╭[0m[38;5;246m─[0m[38;5;246m[[0m src/pages/IeltsSpeakingTest.jsx:177:12 [38;5;246m][0m
     [38;5;246m│[0m
 [38;5;246m177 │[0m [38;5;249m [0m[38;5;249m [0m[38;5;249m [0m[38;5;249m [0m[38;5;249mc[0m[38;5;249mo[0m[38;5;249mn[0m[38;5;249ms[0m[38;5;249mt[0m[38;5;249m [0m[38;5;249m[[0mthinkSecondsLeft[38;5;249m,[0m[38;5;249m [0m[38;5;249ms[0m[38;5;249me[0m[38;5;249mt[0m[38;5;249mT[0m[38;5;249mh[0m[38;5;249mi[0m[38;5;249mn[0m[38;5;249mk[0m[38;5;249mS[0m[38;5;249me[0m[38;5;249mc[0m[38;5;249mo[0m[38;5;249mn[0m[38;5;249md[0m[38;5;249ms[0m[38;5;249mL[0m[38;5;249me[0m[38;5;249mf[0m[38;5;249mt[0m[38;5;249m][0m[38;5;249m [0m[38;5;249m=[0m[38;5;249m [0m[38;5;249mu[0m[38;5;249ms[0m[38;5;249me[0m[38;5;249mS[0m[38;5;249mt[0m[38;5;249ma[0m[38;5;249mt[0m[38;5;249me[0m[38;5;249m([0m[38;5;249mT[0m[38;5;249mH[0m[38;5;249mI[0m[38;5;249mN[0m[38;5;249mK[0m[38;5;249m_[0m[38;5;249mS[0m[38;5;249mE[0m[38;5;249mC[0m[38;5;249mO[0m[38;5;249mN[0m[38;5;249mD[0m[38;5;249mS[0m[38;5;249m)[0m[38;5;249m;[0m
 [38;5;240m    │[0m            ────────┬───────  
 [38;5;240m    │[0m                    ╰───────── `thinkSecondsLeft` has already been declared here
 [38;5;246m178 │[0m [38;5;249m [0m[38;5;249m [0m[38;5;249mc[0m[38;5;249mo[0m[38;5;249mn[0m[38;5;249ms[0m[38;5;249mt[0m[38;5;249m [0m[38;5;249m[[0mthinkSecondsLeft[38;5;249m,[0m[38;5;249m [0m[38;5;249ms[0m[38;5;249me[0m[38;5;249mt[0m[38;5;249mT[0m[38;5;249mh[0m[38;5;249mi[0m[38;5;249mn[0m[38;5;249mk[0m[38;5;249mS[0m[38;5;249me[0m[38;5;249mc[0m[38;5;249mo[0m[38;5;249mn[0m[38;5;249md[0m[38;5;249ms[0m[38;5;249mL[0m[38;5;249me[0m[38;5;249mf[0m[38;5;249mt[0m[38;5;249m][0m[38;5;249m [0m[38;5;249m=[0m[38;5;249m [0m[38;5;249mu[0m[38;5;249ms[0m[38;5;249me[0m[38;5;249mS[0m[38;5;249mt[0m[38;5;249ma[0m[38;5;249mt[0m[38;5;249me[0m[38;5;249m([0m[38;5;249mT[0m[38;5;249mH[0m[38;5;249mI[0m[38;5;249mN[0m[38;5;249mK[0m[38;5;249m_[0m[38;5;249mS[0m[38;5;249mE[0m[38;5;249mC[0m[38;5;249mO[0m[38;5;249mN[0m[38;5;249mD[0m[38;5;249mS[0m[38;5;249m)[0m[38;5;249m;[0m
 [38;5;240m    │[0m          ────────┬───────  
 [38;5;240m    │[0m                  ╰───────── It can not be redeclared here
[38;5;246m─────╯[0m

[31m[PARSE_ERROR] Error:[0m Identifier `setThinkSecondsLeft` has already been declared
     [38;5;246m╭[0m[38;5;246m─[0m[38;5;246m[[0m src/pages/IeltsSpeakingTest.jsx:177:30 [38;5;246m][0m
     [38;5;246m│[0m
 [38;5;246m177 │[0m [38;5;249m [0m[38;5;249m [0m[38;5;249m [0m[38;5;249m [0m[38;5;249mc[0m[38;5;249mo[0m[38;5;249mn[0m[38;5;249ms[0m[38;5;249mt[0m[38;5;249m [0m[38;5;249m[[0m[38;5;249mt[0m[38;5;249mh[0m[38;5;249mi[0m[38;5;249mn[0m[38;5;249mk[0m[38;5;249mS[0m[38;5;249me[0m[38;5;249mc[0m[38;5;249mo[0m[38;5;249mn[0m[38;5;249md[0m[38;5;249ms[0m[38;5;249mL[0m[38;5;249me[0m[38;5;249mf[0m[38;5;249mt[0m[38;5;249m,[0m[38;5;249m [0msetThinkSecondsLeft[38;5;249m][0m[38;5;249m [0m[38;5;249m=[0m[38;5;249m [0m[38;5;249mu[0m[38;5;249ms[0m[38;5;249me[0m[38;5;249mS[0m[38;5;249mt[0m[38;5;249ma[0m[38;5;249mt[0m[38;5;249me[0m[38;5;249m([0m[38;5;249mT[0m[38;5;249mH[0m[38;5;249mI[0m[38;5;249mN[0m[38;5;249mK[0m[38;5;249m_[0m[38;5;249mS[0m[38;5;249mE[0m[38;5;249mC[0m[38;5;249mO[0m[38;5;249mN[0m[38;5;249mD[0m[38;5;249mS[0m[38;5;249m)[0m[38;5;249m;[0m
 [38;5;240m    │[0m                              ─────────┬─────────  
 [38;5;240m    │[0m                                       ╰─────────── `setThinkSecondsLeft` has already been declared here
 [38;5;246m178 │[0m [38;5;249m [0m[38;5;249m [0m[38;5;249mc[0m[38;5;249mo[0m[38;5;249mn[0m[38;5;249ms[0m[38;5;249mt[0m[38;5;249m [0m[38;5;249m[[0m[38;5;249mt[0m[38;5;249mh[0m[38;5;249mi[0m[38;5;249mn[0m[38;5;249mk[0m[38;5;249mS[0m[38;5;249me[0m[38;5;249mc[0m[38;5;249mo[0m[38;5;249mn[0m[38;5;249md[0m[38;5;249ms[0m[38;5;249mL[0m[38;5;249me[0m[38;5;249mf[0m[38;5;249mt[0m[38;5;249m,[0m[38;5;249m [0msetThinkSecondsLeft[38;5;249m][0m[38;5;249m [0m[38;5;249m=[0m[38;5;249m [0m[38;5;249mu[0m[38;5;249ms[0m[38;5;249me[0m[38;5;249mS[0m[38;5;249mt[0m[38;5;249ma[0m[38;5;249mt[0m[38;5;249me[0m[38;5;249m([0m[38;5;249mT[0m[38;5;249mH[0m[38;5;249mI[0m[38;5;249mN[0m[38;5;249mK[0m[38;5;249m_[0m[38;5;249mS[0m[38;5;249mE[0m[38;5;249mC[0m[38;5;249mO[0m[38;5;249mN[0m[38;5;249mD[0m[38;5;249mS[0m[38;5;249m)[0m[38;5;249m;[0m
 [38;5;240m    │[0m                            ─────────┬─────────  
 [38;5;240m    │[0m                                     ╰─────────── It can not be redeclared here
[38;5;246m─────╯[0m

[31m[PARSE_ERROR] Error:[0m Identifier `autoStartTriggeredRef` has already been declared
     [38;5;246m╭[0m[38;5;246m─[0m[38;5;246m[[0m src/pages/IeltsSpeakingTest.jsx:233:11 [38;5;246m][0m
     [38;5;246m│[0m
 [38;5;246m233 │[0m [38;5;249m [0m[38;5;249m [0m[38;5;249m [0m[38;5;249m [0m[38;5;249mc[0m[38;5;249mo[0m[38;5;249mn[0m[38;5;249ms[0m[38;5;249mt[0m[38;5;249m [0mautoStartTriggeredRef[38;5;249m [0m[38;5;249m=[0m[38;5;249m [0m[38;5;249mu[0m[38;5;249ms[0m[38;5;249me[0m[38;5;249mR[0m[38;5;249me[0m[38;5;249mf[0m[38;5;249m([0m[38;5;249mf[0m[38;5;249ma[0m[38;5;249ml[0m[38;5;249ms[0m[38;5;249me[0m[38;5;249m)[0m[38;5;249m;[0m
 [38;5;240m    │[0m           ──────────┬──────────  
 [38;5;240m    │[0m                     ╰──────────── `autoStartTriggeredRef` has already been declared here
 [38;5;240m    │[0m 
 [38;5;246m236 │[0m [38;5;249m [0m[38;5;249m [0m[38;5;249mc[0m[38;5;249mo[0m[38;5;249mn[0m[38;5;249ms[0m[38;5;249mt[0m[38;5;249m [0mautoStartTriggeredRef[38;5;249m [0m[38;5;249m=[0m[38;5;249m [0m[38;5;249mu[0m[38;5;249ms[0m[38;5;249me[0m[38;5;249mR[0m[38;5;249me[0m[38;5;249mf[0m[38;5;249m([0m[38;5;249mf[0m[38;5;249ma[0m[38;5;249ml[0m[38;5;249ms[0m[38;5;249me[0m[38;5;249m)[0m[38;5;249m;[0m
 [38;5;240m    │[0m         ──────────┬──────────  
 [38;5;240m    │[0m                   ╰──────────── It can not be redeclared here
[38;5;246m─────╯[0m

  Plugin: vite:oxc
  File: /home/hv/DuAn/DAVictory/frontend/src/pages/IeltsSpeakingTest.jsx
      at transformWithOxc (file:///home/hv/DuAn/DAVictory/frontend/node_modules/vite/dist/node/chunks/node.js:3970:19)
      at TransformPluginContext.transform (file:///home/hv/DuAn/DAVictory/frontend/node_modules/vite/dist/node/chunks/node.js:4046:26)
      at EnvironmentPluginContainer.transform (file:///home/hv/DuAn/DAVictory/frontend/node_modules/vite/dist/node/chunks/node.js:29893:51)
      at async loadAndTransform (file:///home/hv/DuAn/DAVictory/frontend/node_modules/vite/dist/node/chunks/node.js:24542:26)
      at async viteTransformMiddleware (file:///home/hv/DuAn/DAVictory/frontend/node_modules/vite/dist/node/chunks/node.js:25356:20)
12:52:47 [vite] (client) hmr update /src/pages/IeltsSpeakingTest.jsx
12:52:54 [vite] (client) hmr update /src/pages/IeltsSpeakingTest.jsx
12:53:05 [vite] (client) hmr update /src/pages/IeltsSpeakingTest.jsx
12:53:25 [vite] (client) hmr update /src/pages/IeltsSpeakingTest.jsx
12:53:34 [vite] (client) hmr update /src/pages/IeltsSpeakingTest.jsx
12:54:09 [vite] (client) hmr update /src/styles/ieltsTest.css
12:59:50 [vite] (client) hmr update /src/styles/ieltsTest.css
12:59:50 [vite] (client) hmr update /src/pages/IeltsSpeakingTest.jsx
13:00:49 [vite] (client) hmr update /src/pages/IeltsSpeakingTest.jsx
13:00:57 [vite] (client) hmr update /src/pages/IeltsSpeakingTest.jsx
13:01:05 [vite] (client) hmr update /src/pages/IeltsSpeakingTest.jsx
13:01:15 [vite] (client) hmr update /src/pages/IeltsSpeakingTest.jsx
13:01:41 [vite] (client) hmr update /src/pages/IeltsSpeakingTest.jsx
13:01:54 [vite] (client) hmr update /src/pages/IeltsSpeakingTest.jsx
13:02:16 [vite] (client) hmr update /src/pages/IeltsSpeakingTest.jsx
13:02:36 [vite] (client) hmr update /src/styles/ieltsTest.css
13:02:53 [vite] (client) hmr update /src/pages/IeltsSpeakingTest.jsx
13:03:28 [vite] (client) hmr update /src/App.jsx
13:03:32 [vite] (client) hmr update /src/pages/IeltsSpeakingTest.jsx
13:03:34 [vite] (client) hmr update /src/App.jsx
13:05:51 [vite] (client) hmr update /src/pages/student/StudentLms.jsx
13:06:06 [vite] (client) hmr update /src/pages/student/StudentLms.jsx
13:06:06 [vite] Internal server error: Transform failed with 1 error:

[31m[PARSE_ERROR] Error:[0m Unexpected token. Did you mean `{'}'}` or `&rbrace;`?
     [38;5;246m╭[0m[38;5;246m─[0m[38;5;246m[[0m src/pages/student/StudentLms.jsx:314:1 [38;5;246m][0m
     [38;5;246m│[0m
 [38;5;246m314 │[0m [38;5;249m}[0m
 [38;5;240m    │[0m │ 
 [38;5;240m    │[0m ╰─ 
[38;5;246m─────╯[0m

  Plugin: vite:oxc
  File: /home/hv/DuAn/DAVictory/frontend/src/pages/student/StudentLms.jsx
      at transformWithOxc (file:///home/hv/DuAn/DAVictory/frontend/node_modules/vite/dist/node/chunks/node.js:3970:19)
      at TransformPluginContext.transform (file:///home/hv/DuAn/DAVictory/frontend/node_modules/vite/dist/node/chunks/node.js:4046:26)
      at EnvironmentPluginContainer.transform (file:///home/hv/DuAn/DAVictory/frontend/node_modules/vite/dist/node/chunks/node.js:29893:51)
      at async loadAndTransform (file:///home/hv/DuAn/DAVictory/frontend/node_modules/vite/dist/node/chunks/node.js:24542:26)
      at async viteTransformMiddleware (file:///home/hv/DuAn/DAVictory/frontend/node_modules/vite/dist/node/chunks/node.js:25356:20)
13:06:06 [vite] Internal server error: Transform failed with 1 error:

[31m[PARSE_ERROR] Error:[0m Unexpected token. Did you mean `{'}'}` or `&rbrace;`?
     [38;5;246m╭[0m[38;5;246m─[0m[38;5;246m[[0m src/pages/student/StudentLms.jsx:314:1 [38;5;246m][0m
     [38;5;246m│[0m
 [38;5;246m314 │[0m [38;5;249m}[0m
 [38;5;240m    │[0m │ 
 [38;5;240m    │[0m ╰─ 
[38;5;246m─────╯[0m

  Plugin: vite:oxc
  File: /home/hv/DuAn/DAVictory/frontend/src/pages/student/StudentLms.jsx
      at transformWithOxc (file:///home/hv/DuAn/DAVictory/frontend/node_modules/vite/dist/node/chunks/node.js:3970:19)
      at TransformPluginContext.transform (file:///home/hv/DuAn/DAVictory/frontend/node_modules/vite/dist/node/chunks/node.js:4046:26)
      at EnvironmentPluginContainer.transform (file:///home/hv/DuAn/DAVictory/frontend/node_modules/vite/dist/node/chunks/node.js:29893:51)
      at async loadAndTransform (file:///home/hv/DuAn/DAVictory/frontend/node_modules/vite/dist/node/chunks/node.js:24542:26)
      at async viteTransformMiddleware (file:///home/hv/DuAn/DAVictory/frontend/node_modules/vite/dist/node/chunks/node.js:25356:20)
13:06:06 [vite] Internal server error: Transform failed with 1 error:

[31m[PARSE_ERROR] Error:[0m Unexpected token. Did you mean `{'}'}` or `&rbrace;`?
     [38;5;246m╭[0m[38;5;246m─[0m[38;5;246m[[0m src/pages/student/StudentLms.jsx:314:1 [38;5;246m][0m
     [38;5;246m│[0m
 [38;5;246m314 │[0m [38;5;249m}[0m
 [38;5;240m    │[0m │ 
 [38;5;240m    │[0m ╰─ 
[38;5;246m─────╯[0m

  Plugin: vite:oxc
  File: /home/hv/DuAn/DAVictory/frontend/src/pages/student/StudentLms.jsx
      at transformWithOxc (file:///home/hv/DuAn/DAVictory/frontend/node_modules/vite/dist/node/chunks/node.js:3970:19)
      at TransformPluginContext.transform (file:///home/hv/DuAn/DAVictory/frontend/node_modules/vite/dist/node/chunks/node.js:4046:26)
      at EnvironmentPluginContainer.transform (file:///home/hv/DuAn/DAVictory/frontend/node_modules/vite/dist/node/chunks/node.js:29893:51)
      at async loadAndTransform (file:///home/hv/DuAn/DAVictory/frontend/node_modules/vite/dist/node/chunks/node.js:24542:26)
      at async viteTransformMiddleware (file:///home/hv/DuAn/DAVictory/frontend/node_modules/vite/dist/node/chunks/node.js:25356:20)
13:06:06 [vite] Internal server error: Transform failed with 1 error:

[31m[PARSE_ERROR] Error:[0m Unexpected token. Did you mean `{'}'}` or `&rbrace;`?
     [38;5;246m╭[0m[38;5;246m─[0m[38;5;246m[[0m src/pages/student/StudentLms.jsx:314:1 [38;5;246m][0m
     [38;5;246m│[0m
 [38;5;246m314 │[0m [38;5;249m}[0m
 [38;5;240m    │[0m │ 
 [38;5;240m    │[0m ╰─ 
[38;5;246m─────╯[0m

  Plugin: vite:oxc
  File: /home/hv/DuAn/DAVictory/frontend/src/pages/student/StudentLms.jsx
      at transformWithOxc (file:///home/hv/DuAn/DAVictory/frontend/node_modules/vite/dist/node/chunks/node.js:3970:19)
      at TransformPluginContext.transform (file:///home/hv/DuAn/DAVictory/frontend/node_modules/vite/dist/node/chunks/node.js:4046:26)
      at EnvironmentPluginContainer.transform (file:///home/hv/DuAn/DAVictory/frontend/node_modules/vite/dist/node/chunks/node.js:29893:51)
      at async loadAndTransform (file:///home/hv/DuAn/DAVictory/frontend/node_modules/vite/dist/node/chunks/node.js:24542:26)
      at async viteTransformMiddleware (file:///home/hv/DuAn/DAVictory/frontend/node_modules/vite/dist/node/chunks/node.js:25356:20)
13:06:06 [vite] Internal server error: Transform failed with 1 error:

[31m[PARSE_ERROR] Error:[0m Unexpected token. Did you mean `{'}'}` or `&rbrace;`?
     [38;5;246m╭[0m[38;5;246m─[0m[38;5;246m[[0m src/pages/student/StudentLms.jsx:314:1 [38;5;246m][0m
     [38;5;246m│[0m
 [38;5;246m314 │[0m [38;5;249m}[0m
 [38;5;240m    │[0m │ 
 [38;5;240m    │[0m ╰─ 
[38;5;246m─────╯[0m

  Plugin: vite:oxc
  File: /home/hv/DuAn/DAVictory/frontend/src/pages/student/StudentLms.jsx
      at transformWithOxc (file:///home/hv/DuAn/DAVictory/frontend/node_modules/vite/dist/node/chunks/node.js:3970:19)
      at TransformPluginContext.transform (file:///home/hv/DuAn/DAVictory/frontend/node_modules/vite/dist/node/chunks/node.js:4046:26)
      at EnvironmentPluginContainer.transform (file:///home/hv/DuAn/DAVictory/frontend/node_modules/vite/dist/node/chunks/node.js:29893:51)
      at async loadAndTransform (file:///home/hv/DuAn/DAVictory/frontend/node_modules/vite/dist/node/chunks/node.js:24542:26)
      at async viteTransformMiddleware (file:///home/hv/DuAn/DAVictory/frontend/node_modules/vite/dist/node/chunks/node.js:25356:20)
13:06:27 [vite] (client) hmr update /src/pages/student/StudentLms.jsx
13:06:27 [vite] Internal server error: Transform failed with 1 error:

[31m[PARSE_ERROR] Error:[0m Unexpected token. Did you mean `{'}'}` or `&rbrace;`?
     [38;5;246m╭[0m[38;5;246m─[0m[38;5;246m[[0m src/pages/student/StudentLms.jsx:358:1 [38;5;246m][0m
     [38;5;246m│[0m
 [38;5;246m358 │[0m [38;5;249m}[0m
 [38;5;240m    │[0m │ 
 [38;5;240m    │[0m ╰─ 
[38;5;246m─────╯[0m

  Plugin: vite:oxc
  File: /home/hv/DuAn/DAVictory/frontend/src/pages/student/StudentLms.jsx
      at transformWithOxc (file:///home/hv/DuAn/DAVictory/frontend/node_modules/vite/dist/node/chunks/node.js:3970:19)
      at TransformPluginContext.transform (file:///home/hv/DuAn/DAVictory/frontend/node_modules/vite/dist/node/chunks/node.js:4046:26)
      at EnvironmentPluginContainer.transform (file:///home/hv/DuAn/DAVictory/frontend/node_modules/vite/dist/node/chunks/node.js:29893:51)
      at async loadAndTransform (file:///home/hv/DuAn/DAVictory/frontend/node_modules/vite/dist/node/chunks/node.js:24542:26)
      at async viteTransformMiddleware (file:///home/hv/DuAn/DAVictory/frontend/node_modules/vite/dist/node/chunks/node.js:25356:20)
13:06:27 [vite] Internal server error: Transform failed with 1 error:

[31m[PARSE_ERROR] Error:[0m Unexpected token. Did you mean `{'}'}` or `&rbrace;`?
     [38;5;246m╭[0m[38;5;246m─[0m[38;5;246m[[0m src/pages/student/StudentLms.jsx:358:1 [38;5;246m][0m
     [38;5;246m│[0m
 [38;5;246m358 │[0m [38;5;249m}[0m
 [38;5;240m    │[0m │ 
 [38;5;240m    │[0m ╰─ 
[38;5;246m─────╯[0m

  Plugin: vite:oxc
  File: /home/hv/DuAn/DAVictory/frontend/src/pages/student/StudentLms.jsx
      at transformWithOxc (file:///home/hv/DuAn/DAVictory/frontend/node_modules/vite/dist/node/chunks/node.js:3970:19)
      at TransformPluginContext.transform (file:///home/hv/DuAn/DAVictory/frontend/node_modules/vite/dist/node/chunks/node.js:4046:26)
      at EnvironmentPluginContainer.transform (file:///home/hv/DuAn/DAVictory/frontend/node_modules/vite/dist/node/chunks/node.js:29893:51)
      at async loadAndTransform (file:///home/hv/DuAn/DAVictory/frontend/node_modules/vite/dist/node/chunks/node.js:24542:26)
      at async viteTransformMiddleware (file:///home/hv/DuAn/DAVictory/frontend/node_modules/vite/dist/node/chunks/node.js:25356:20)
13:06:27 [vite] Internal server error: Transform failed with 1 error:

[31m[PARSE_ERROR] Error:[0m Unexpected token. Did you mean `{'}'}` or `&rbrace;`?
     [38;5;246m╭[0m[38;5;246m─[0m[38;5;246m[[0m src/pages/student/StudentLms.jsx:358:1 [38;5;246m][0m
     [38;5;246m│[0m
 [38;5;246m358 │[0m [38;5;249m}[0m
 [38;5;240m    │[0m │ 
 [38;5;240m    │[0m ╰─ 
[38;5;246m─────╯[0m

  Plugin: vite:oxc
  File: /home/hv/DuAn/DAVictory/frontend/src/pages/student/StudentLms.jsx
      at transformWithOxc (file:///home/hv/DuAn/DAVictory/frontend/node_modules/vite/dist/node/chunks/node.js:3970:19)
      at TransformPluginContext.transform (file:///home/hv/DuAn/DAVictory/frontend/node_modules/vite/dist/node/chunks/node.js:4046:26)
      at EnvironmentPluginContainer.transform (file:///home/hv/DuAn/DAVictory/frontend/node_modules/vite/dist/node/chunks/node.js:29893:51)
      at async loadAndTransform (file:///home/hv/DuAn/DAVictory/frontend/node_modules/vite/dist/node/chunks/node.js:24542:26)
      at async viteTransformMiddleware (file:///home/hv/DuAn/DAVictory/frontend/node_modules/vite/dist/node/chunks/node.js:25356:20)
13:06:27 [vite] Internal server error: Transform failed with 1 error:

[31m[PARSE_ERROR] Error:[0m Unexpected token. Did you mean `{'}'}` or `&rbrace;`?
     [38;5;246m╭[0m[38;5;246m─[0m[38;5;246m[[0m src/pages/student/StudentLms.jsx:358:1 [38;5;246m][0m
     [38;5;246m│[0m
 [38;5;246m358 │[0m [38;5;249m}[0m
 [38;5;240m    │[0m │ 
 [38;5;240m    │[0m ╰─ 
[38;5;246m─────╯[0m

  Plugin: vite:oxc
  File: /home/hv/DuAn/DAVictory/frontend/src/pages/student/StudentLms.jsx
      at transformWithOxc (file:///home/hv/DuAn/DAVictory/frontend/node_modules/vite/dist/node/chunks/node.js:3970:19)
      at TransformPluginContext.transform (file:///home/hv/DuAn/DAVictory/frontend/node_modules/vite/dist/node/chunks/node.js:4046:26)
      at EnvironmentPluginContainer.transform (file:///home/hv/DuAn/DAVictory/frontend/node_modules/vite/dist/node/chunks/node.js:29893:51)
      at async loadAndTransform (file:///home/hv/DuAn/DAVictory/frontend/node_modules/vite/dist/node/chunks/node.js:24542:26)
      at async viteTransformMiddleware (file:///home/hv/DuAn/DAVictory/frontend/node_modules/vite/dist/node/chunks/node.js:25356:20)
13:06:27 [vite] Internal server error: Transform failed with 1 error:

[31m[PARSE_ERROR] Error:[0m Unexpected token. Did you mean `{'}'}` or `&rbrace;`?
     [38;5;246m╭[0m[38;5;246m─[0m[38;5;246m[[0m src/pages/student/StudentLms.jsx:358:1 [38;5;246m][0m
     [38;5;246m│[0m
 [38;5;246m358 │[0m [38;5;249m}[0m
 [38;5;240m    │[0m │ 
 [38;5;240m    │[0m ╰─ 
[38;5;246m─────╯[0m

  Plugin: vite:oxc
  File: /home/hv/DuAn/DAVictory/frontend/src/pages/student/StudentLms.jsx
      at transformWithOxc (file:///home/hv/DuAn/DAVictory/frontend/node_modules/vite/dist/node/chunks/node.js:3970:19)
      at TransformPluginContext.transform (file:///home/hv/DuAn/DAVictory/frontend/node_modules/vite/dist/node/chunks/node.js:4046:26)
      at EnvironmentPluginContainer.transform (file:///home/hv/DuAn/DAVictory/frontend/node_modules/vite/dist/node/chunks/node.js:29893:51)
      at async loadAndTransform (file:///home/hv/DuAn/DAVictory/frontend/node_modules/vite/dist/node/chunks/node.js:24542:26)
      at async viteTransformMiddleware (file:///home/hv/DuAn/DAVictory/frontend/node_modules/vite/dist/node/chunks/node.js:25356:20)
13:06:40 [vite] (client) hmr update /src/pages/student/StudentLms.jsx
13:06:40 [vite] Internal server error: Transform failed with 1 error:

[31m[PARSE_ERROR] Error:[0m Unexpected token. Did you mean `{'}'}` or `&rbrace;`?
     [38;5;246m╭[0m[38;5;246m─[0m[38;5;246m[[0m src/pages/student/StudentLms.jsx:376:1 [38;5;246m][0m
     [38;5;246m│[0m
 [38;5;246m376 │[0m [38;5;249m}[0m
 [38;5;240m    │[0m │ 
 [38;5;240m    │[0m ╰─ 
[38;5;246m─────╯[0m

  Plugin: vite:oxc
  File: /home/hv/DuAn/DAVictory/frontend/src/pages/student/StudentLms.jsx
      at transformWithOxc (file:///home/hv/DuAn/DAVictory/frontend/node_modules/vite/dist/node/chunks/node.js:3970:19)
      at TransformPluginContext.transform (file:///home/hv/DuAn/DAVictory/frontend/node_modules/vite/dist/node/chunks/node.js:4046:26)
      at EnvironmentPluginContainer.transform (file:///home/hv/DuAn/DAVictory/frontend/node_modules/vite/dist/node/chunks/node.js:29893:51)
      at async loadAndTransform (file:///home/hv/DuAn/DAVictory/frontend/node_modules/vite/dist/node/chunks/node.js:24542:26)
      at async viteTransformMiddleware (file:///home/hv/DuAn/DAVictory/frontend/node_modules/vite/dist/node/chunks/node.js:25356:20)
13:06:40 [vite] Internal server error: Transform failed with 1 error:

[31m[PARSE_ERROR] Error:[0m Unexpected token. Did you mean `{'}'}` or `&rbrace;`?
     [38;5;246m╭[0m[38;5;246m─[0m[38;5;246m[[0m src/pages/student/StudentLms.jsx:376:1 [38;5;246m][0m
     [38;5;246m│[0m
 [38;5;246m376 │[0m [38;5;249m}[0m
 [38;5;240m    │[0m │ 
 [38;5;240m    │[0m ╰─ 
[38;5;246m─────╯[0m

  Plugin: vite:oxc
  File: /home/hv/DuAn/DAVictory/frontend/src/pages/student/StudentLms.jsx
      at transformWithOxc (file:///home/hv/DuAn/DAVictory/frontend/node_modules/vite/dist/node/chunks/node.js:3970:19)
      at TransformPluginContext.transform (file:///home/hv/DuAn/DAVictory/frontend/node_modules/vite/dist/node/chunks/node.js:4046:26)
      at EnvironmentPluginContainer.transform (file:///home/hv/DuAn/DAVictory/frontend/node_modules/vite/dist/node/chunks/node.js:29893:51)
      at async loadAndTransform (file:///home/hv/DuAn/DAVictory/frontend/node_modules/vite/dist/node/chunks/node.js:24542:26)
      at async viteTransformMiddleware (file:///home/hv/DuAn/DAVictory/frontend/node_modules/vite/dist/node/chunks/node.js:25356:20)
13:06:40 [vite] Internal server error: Transform failed with 1 error:

[31m[PARSE_ERROR] Error:[0m Unexpected token. Did you mean `{'}'}` or `&rbrace;`?
     [38;5;246m╭[0m[38;5;246m─[0m[38;5;246m[[0m src/pages/student/StudentLms.jsx:376:1 [38;5;246m][0m
     [38;5;246m│[0m
 [38;5;246m376 │[0m [38;5;249m}[0m
 [38;5;240m    │[0m │ 
 [38;5;240m    │[0m ╰─ 
[38;5;246m─────╯[0m

  Plugin: vite:oxc
  File: /home/hv/DuAn/DAVictory/frontend/src/pages/student/StudentLms.jsx
      at transformWithOxc (file:///home/hv/DuAn/DAVictory/frontend/node_modules/vite/dist/node/chunks/node.js:3970:19)
      at TransformPluginContext.transform (file:///home/hv/DuAn/DAVictory/frontend/node_modules/vite/dist/node/chunks/node.js:4046:26)
      at EnvironmentPluginContainer.transform (file:///home/hv/DuAn/DAVictory/frontend/node_modules/vite/dist/node/chunks/node.js:29893:51)
      at async loadAndTransform (file:///home/hv/DuAn/DAVictory/frontend/node_modules/vite/dist/node/chunks/node.js:24542:26)
13:06:40 [vite] Internal server error: Transform failed with 1 error:

[31m[PARSE_ERROR] Error:[0m Unexpected token. Did you mean `{'}'}` or `&rbrace;`?
     [38;5;246m╭[0m[38;5;246m─[0m[38;5;246m[[0m src/pages/student/StudentLms.jsx:376:1 [38;5;246m][0m
     [38;5;246m│[0m
 [38;5;246m376 │[0m [38;5;249m}[0m
 [38;5;240m    │[0m │ 
 [38;5;240m    │[0m ╰─ 
[38;5;246m─────╯[0m

  Plugin: vite:oxc
  File: /home/hv/DuAn/DAVictory/frontend/src/pages/student/StudentLms.jsx
      at transformWithOxc (file:///home/hv/DuAn/DAVictory/frontend/node_modules/vite/dist/node/chunks/node.js:3970:19)
      at TransformPluginContext.transform (file:///home/hv/DuAn/DAVictory/frontend/node_modules/vite/dist/node/chunks/node.js:4046:26)
      at EnvironmentPluginContainer.transform (file:///home/hv/DuAn/DAVictory/frontend/node_modules/vite/dist/node/chunks/node.js:29893:51)
      at async loadAndTransform (file:///home/hv/DuAn/DAVictory/frontend/node_modules/vite/dist/node/chunks/node.js:24542:26)
13:06:40 [vite] Internal server error: Transform failed with 1 error:

[31m[PARSE_ERROR] Error:[0m Unexpected token. Did you mean `{'}'}` or `&rbrace;`?
     [38;5;246m╭[0m[38;5;246m─[0m[38;5;246m[[0m src/pages/student/StudentLms.jsx:376:1 [38;5;246m][0m
     [38;5;246m│[0m
 [38;5;246m376 │[0m [38;5;249m}[0m
 [38;5;240m    │[0m │ 
 [38;5;240m    │[0m ╰─ 
[38;5;246m─────╯[0m

  Plugin: vite:oxc
  File: /home/hv/DuAn/DAVictory/frontend/src/pages/student/StudentLms.jsx
      at transformWithOxc (file:///home/hv/DuAn/DAVictory/frontend/node_modules/vite/dist/node/chunks/node.js:3970:19)
      at TransformPluginContext.transform (file:///home/hv/DuAn/DAVictory/frontend/node_modules/vite/dist/node/chunks/node.js:4046:26)
      at EnvironmentPluginContainer.transform (file:///home/hv/DuAn/DAVictory/frontend/node_modules/vite/dist/node/chunks/node.js:29893:51)
      at async loadAndTransform (file:///home/hv/DuAn/DAVictory/frontend/node_modules/vite/dist/node/chunks/node.js:24542:26)
      at async viteTransformMiddleware (file:///home/hv/DuAn/DAVictory/frontend/node_modules/vite/dist/node/chunks/node.js:25356:20)
13:06:44 [vite] (client) hmr update /src/pages/IeltsSpeakingTest.jsx
13:06:58 [vite] (client) hmr update /src/pages/IeltsSpeakingTest.jsx
13:07:07 [vite] (client) hmr update /src/pages/IeltsSpeakingTest.jsx
13:07:13 [vite] (client) hmr update /src/pages/student/StudentLms.jsx
13:07:17 [vite] (client) hmr update /src/components/layout/Navbar.jsx
13:07:25 [vite] (client) hmr update /src/styles/ieltsTest.css
13:07:28 [vite] (client) hmr update /src/components/layout/Navbar.jsx
13:07:34 [vite] (client) hmr update /src/components/layout/Navbar.jsx
13:07:42 [vite] (client) hmr update /src/components/layout/Navbar.jsx
13:08:52 [vite] (client) hmr update /src/styles/ieltsTest.css
